[2020-04-01 15:50:53] local.INFO: # Remove nginx config of site

if [ -f '/etc/nginx/sites-available/pablo.escobar.com' ]
then
    rm /etc/nginx/sites-available/pablo.escobar.com
    rm /etc/nginx/sites-enabled/pablo.escobar.com
fi

if [ -d '/etc/nginx/nesa-conf/pablo.escobar.com' ]
then
    rm -rf /etc/nginx/nesa-conf/pablo.escobar.com
    # Reload nginx
    systemctl reload nginx
fi


# TODO: Remove all generated ssl certificates for this site

# Remove site directory if exists
su nesa <<EOF
if [ -d '/home/nesa/pablo.escobar.com' ]
then
    rm -rf /home/nesa/pablo.escobar.com
fi

# Remove all running pm2 instances for this site
if [ -f '/home/nesa/.nesa/ecosystems/pablo.escobar.com.config.js' ]
then
pm2 delete /home/nesa/.nesa/ecosystems/pablo.escobar.com.config.js

rm /home/nesa/.nesa/ecosystems/pablo.escobar.com.config.js
fi

if [ -f '/home/nesa/.nesa/log-watchers/pablo.escobar.com.watcher.js' ]
then

rm /home/nesa/.nesa/log-watchers/pablo.escobar.com.watcher.js
pm2 delete pablo.escobar.com-log-watcher
fi
EOF  
[2020-04-01 15:55:45] local.INFO: # Remove nginx config of site

if [ -f '/etc/nginx/sites-available/pangaso.netlify.com' ]
then
    rm /etc/nginx/sites-available/pangaso.netlify.com
    rm /etc/nginx/sites-enabled/pangaso.netlify.com
fi

if [ -d '/etc/nginx/nesa-conf/pangaso.netlify.com' ]
then
    rm -rf /etc/nginx/nesa-conf/pangaso.netlify.com
    # Reload nginx
    systemctl reload nginx
fi


# TODO: Remove all generated ssl certificates for this site

# Remove site directory if exists
su nesa <<EOF
if [ -d '/home/nesa/pangaso.netlify.com' ]
then
    rm -rf /home/nesa/pangaso.netlify.com
fi

# Remove all running pm2 instances for this site
if [ -f '/home/nesa/.nesa/ecosystems/pangaso.netlify.com.config.js' ]
then
pm2 delete /home/nesa/.nesa/ecosystems/pangaso.netlify.com.config.js

rm /home/nesa/.nesa/ecosystems/pangaso.netlify.com.config.js
fi

if [ -f '/home/nesa/.nesa/log-watchers/pangaso.netlify.com.watcher.js' ]
then

rm /home/nesa/.nesa/log-watchers/pangaso.netlify.com.watcher.js
pm2 delete pangaso.netlify.com-log-watcher
fi
EOF  
[2020-04-01 15:55:55] local.INFO: # Remove nginx config of site

if [ -f '/etc/nginx/sites-available/ssl-test.katifrantz.com' ]
then
    rm /etc/nginx/sites-available/ssl-test.katifrantz.com
    rm /etc/nginx/sites-enabled/ssl-test.katifrantz.com
fi

if [ -d '/etc/nginx/nesa-conf/ssl-test.katifrantz.com' ]
then
    rm -rf /etc/nginx/nesa-conf/ssl-test.katifrantz.com
    # Reload nginx
    systemctl reload nginx
fi


# TODO: Remove all generated ssl certificates for this site

# Remove site directory if exists
su nesa <<EOF
if [ -d '/home/nesa/ssl-test.katifrantz.com' ]
then
    rm -rf /home/nesa/ssl-test.katifrantz.com
fi

# Remove all running pm2 instances for this site
if [ -f '/home/nesa/.nesa/ecosystems/ssl-test.katifrantz.com.config.js' ]
then
pm2 delete /home/nesa/.nesa/ecosystems/ssl-test.katifrantz.com.config.js

rm /home/nesa/.nesa/ecosystems/ssl-test.katifrantz.com.config.js
fi

if [ -f '/home/nesa/.nesa/log-watchers/ssl-test.katifrantz.com.watcher.js' ]
then

rm /home/nesa/.nesa/log-watchers/ssl-test.katifrantz.com.watcher.js
pm2 delete ssl-test.katifrantz.com-log-watcher
fi
EOF  
[2020-04-01 17:32:52] local.DEBUG: Message-ID: <c3a6d8d5ee7dea5dbf33dd936e542557@swift.generated>
Date: Wed, 01 Apr 2020 17:32:52 +0000
Subject: Server provisioned : blastomephis
From: Frantz from Nesabox <admin@nesabox.com>
To: bahdcoder@gmail.com
MIME-Version: 1.0
Content-Type: multipart/alternative;
 boundary="_=_swift_1585762372_c6dfd6f031c291e2cd2c4e29cf4e5418_=_"

<!DOCTYPE html PUBLIC "-//W3C//DTD XHTML 1.0 Transitional//EN" "http://www.w3.org/TR/xhtml1/DTD/xhtml1-transitional.dtd">
<html xmlns="http://www.w3.org/1999/xhtml">
<head>
    <meta name="viewport" content="width=device-width, initial-scale=1.0">
    <meta http-equiv="Content-Type" content="text/html; charset=UTF-8">
</head>
<body style="font-family: -apple-system, BlinkMacSystemFont, 'Segoe UI', Roboto, Helvetica, Arial, sans-serif, 'Apple Color Emoji', 'Segoe UI Emoji', 'Segoe UI Symbol'; box-sizing: border-box; background-color: #f8fafc; color: #74787e; height: 100%; hyphens: auto; line-height: 1.4; margin: 0; -moz-hyphens: auto; -ms-word-break: break-all; width: 100% !important; -webkit-hyphens: auto; -webkit-text-size-adjust: none; word-break: break-word;">
    <style>
        @media  only screen and (max-width: 600px) {
            .inner-body {
                width: 100% !important;
            }

            .footer {
                width: 100% !important;
            }
        }

        @media  only screen and (max-width: 500px) {
            .button {
                width: 100% !important;
            }
        }
    </style>

    <table class="wrapper" width="100%" cellpadding="0" cellspacing="0" role="presentation" style="font-family: -apple-system, BlinkMacSystemFont, 'Segoe UI', Roboto, Helvetica, Arial, sans-serif, 'Apple Color Emoji', 'Segoe UI Emoji', 'Segoe UI Symbol'; box-sizing: border-box; background-color: #f8fafc; margin: 0; padding: 0; width: 100%; -premailer-cellpadding: 0; -premailer-cellspacing: 0; -premailer-width: 100%;">
        <tr>
            <td align="center" style="font-family: -apple-system, BlinkMacSystemFont, 'Segoe UI', Roboto, Helvetica, Arial, sans-serif, 'Apple Color Emoji', 'Segoe UI Emoji', 'Segoe UI Symbol'; box-sizing: border-box;">
                <table class="content" width="100%" cellpadding="0" cellspacing="0" role="presentation" style="font-family: -apple-system, BlinkMacSystemFont, 'Segoe UI', Roboto, Helvetica, Arial, sans-serif, 'Apple Color Emoji', 'Segoe UI Emoji', 'Segoe UI Symbol'; box-sizing: border-box; margin: 0; padding: 0; width: 100%; -premailer-cellpadding: 0; -premailer-cellspacing: 0; -premailer-width: 100%;">
                    <tr>
    <td class="header" style="font-family: -apple-system, BlinkMacSystemFont, 'Segoe UI', Roboto, Helvetica, Arial, sans-serif, 'Apple Color Emoji', 'Segoe UI Emoji', 'Segoe UI Symbol'; box-sizing: border-box; padding: 25px 0; text-align: center;">
        <a href="https://405fb58f.ngrok.io" style="font-family: -apple-system, BlinkMacSystemFont, 'Segoe UI', Roboto, Helvetica, Arial, sans-serif, 'Apple Color Emoji', 'Segoe UI Emoji', 'Segoe UI Symbol'; box-sizing: border-box; color: #bbbfc3; font-size: 19px; font-weight: bold; text-decoration: none; text-shadow: 0 1px 0 white;">
            Nesabox
        </a>
    </td>
</tr>

                    <!-- Email Body -->
                    <tr>
                        <td class="body" width="100%" cellpadding="0" cellspacing="0" style="font-family: -apple-system, BlinkMacSystemFont, 'Segoe UI', Roboto, Helvetica, Arial, sans-serif, 'Apple Color Emoji', 'Segoe UI Emoji', 'Segoe UI Symbol'; box-sizing: border-box; background-color: #ffffff; border-bottom: 1px solid #edeff2; border-top: 1px solid #edeff2; margin: 0; padding: 0; width: 100%; -premailer-cellpadding: 0; -premailer-cellspacing: 0; -premailer-width: 100%;">
                            <table class="inner-body" align="center" width="570" cellpadding="0" cellspacing="0" role="presentation" style="font-family: -apple-system, BlinkMacSystemFont, 'Segoe UI', Roboto, Helvetica, Arial, sans-serif, 'Apple Color Emoji', 'Segoe UI Emoji', 'Segoe UI Symbol'; box-sizing: border-box; background-color: #ffffff; margin: 0 auto; padding: 0; width: 570px; -premailer-cellpadding: 0; -premailer-cellspacing: 0; -premailer-width: 570px;">
                                <!-- Body content -->
                                <tr>
                                    <td class="content-cell" style="font-family: -apple-system, BlinkMacSystemFont, 'Segoe UI', Roboto, Helvetica, Arial, sans-serif, 'Apple Color Emoji', 'Segoe UI Emoji', 'Segoe UI Symbol'; box-sizing: border-box; padding: 35px;">
                                        <p style="font-family: -apple-system, BlinkMacSystemFont, 'Segoe UI', Roboto, Helvetica, Arial, sans-serif, 'Apple Color Emoji', 'Segoe UI Emoji', 'Segoe UI Symbol'; box-sizing: border-box; color: #3d4852; font-size: 16px; line-height: 1.5em; margin-top: 0; text-align: left;">Your server 144.202.9.167 has been provisioned.
<br>
<br>
Sudo password for nesa user: <b style="font-family: -apple-system, BlinkMacSystemFont, 'Segoe UI', Roboto, Helvetica, Arial, sans-serif, 'Apple Color Emoji', 'Segoe UI Emoji', 'Segoe UI Symbol'; box-sizing: border-box;">q5CxhCh2nnvD</b>
<br>
<br></p>
<table class="action" align="center" width="100%" cellpadding="0" cellspacing="0" role="presentation" style="font-family: -apple-system, BlinkMacSystemFont, 'Segoe UI', Roboto, Helvetica, Arial, sans-serif, 'Apple Color Emoji', 'Segoe UI Emoji', 'Segoe UI Symbol'; box-sizing: border-box; margin: 30px auto; padding: 0; text-align: center; width: 100%; -premailer-cellpadding: 0; -premailer-cellspacing: 0; -premailer-width: 100%;">
    <tr>
        <td align="center" style="font-family: -apple-system, BlinkMacSystemFont, 'Segoe UI', Roboto, Helvetica, Arial, sans-serif, 'Apple Color Emoji', 'Segoe UI Emoji', 'Segoe UI Symbol'; box-sizing: border-box;">
            <table width="100%" border="0" cellpadding="0" cellspacing="0" role="presentation" style="font-family: -apple-system, BlinkMacSystemFont, 'Segoe UI', Roboto, Helvetica, Arial, sans-serif, 'Apple Color Emoji', 'Segoe UI Emoji', 'Segoe UI Symbol'; box-sizing: border-box;">
                <tr>
                    <td align="center" style="font-family: -apple-system, BlinkMacSystemFont, 'Segoe UI', Roboto, Helvetica, Arial, sans-serif, 'Apple Color Emoji', 'Segoe UI Emoji', 'Segoe UI Symbol'; box-sizing: border-box;">
                        <table border="0" cellpadding="0" cellspacing="0" role="presentation" style="font-family: -apple-system, BlinkMacSystemFont, 'Segoe UI', Roboto, Helvetica, Arial, sans-serif, 'Apple Color Emoji', 'Segoe UI Emoji', 'Segoe UI Symbol'; box-sizing: border-box;">
                            <tr>
                                <td style="font-family: -apple-system, BlinkMacSystemFont, 'Segoe UI', Roboto, Helvetica, Arial, sans-serif, 'Apple Color Emoji', 'Segoe UI Emoji', 'Segoe UI Symbol'; box-sizing: border-box;">
                                    <a href="https://405fb58f.ngrok.io/servers/55310bd0-17ef-4d66-9d23-ae2145148cba" class="button button-primary" target="_blank" style="font-family: -apple-system, BlinkMacSystemFont, 'Segoe UI', Roboto, Helvetica, Arial, sans-serif, 'Apple Color Emoji', 'Segoe UI Emoji', 'Segoe UI Symbol'; box-sizing: border-box; border-radius: 3px; box-shadow: 0 2px 3px rgba(0, 0, 0, 0.16); color: #fff; display: inline-block; text-decoration: none; -webkit-text-size-adjust: none; background-color: #3490dc; border-top: 10px solid #3490dc; border-right: 18px solid #3490dc; border-bottom: 10px solid #3490dc; border-left: 18px solid #3490dc;">Manage server</a>
                                </td>
                            </tr>
                        </table>
                    </td>
                </tr>
            </table>
        </td>
    </tr>
</table>
<p style="font-family: -apple-system, BlinkMacSystemFont, 'Segoe UI', Roboto, Helvetica, Arial, sans-serif, 'Apple Color Emoji', 'Segoe UI Emoji', 'Segoe UI Symbol'; box-sizing: border-box; color: #3d4852; font-size: 16px; line-height: 1.5em; margin-top: 0; text-align: left;">Thanks,<br>
<br></p>
<p style="font-family: -apple-system, BlinkMacSystemFont, 'Segoe UI', Roboto, Helvetica, Arial, sans-serif, 'Apple Color Emoji', 'Segoe UI Emoji', 'Segoe UI Symbol'; box-sizing: border-box; color: #3d4852; font-size: 16px; line-height: 1.5em; margin-top: 0; text-align: left;">Frantz from Nesabox</p>

                                        
                                    </td>
                                </tr>
                            </table>
                        </td>
                    </tr>

                    <tr>
    <td style="font-family: -apple-system, BlinkMacSystemFont, 'Segoe UI', Roboto, Helvetica, Arial, sans-serif, 'Apple Color Emoji', 'Segoe UI Emoji', 'Segoe UI Symbol'; box-sizing: border-box;">
        <table class="footer" align="center" width="570" cellpadding="0" cellspacing="0" role="presentation" style="font-family: -apple-system, BlinkMacSystemFont, 'Segoe UI', Roboto, Helvetica, Arial, sans-serif, 'Apple Color Emoji', 'Segoe UI Emoji', 'Segoe UI Symbol'; box-sizing: border-box; margin: 0 auto; padding: 0; text-align: center; width: 570px; -premailer-cellpadding: 0; -premailer-cellspacing: 0; -premailer-width: 570px;">
            <tr>
                <td class="content-cell" align="center" style="font-family: -apple-system, BlinkMacSystemFont, 'Segoe UI', Roboto, Helvetica, Arial, sans-serif, 'Apple Color Emoji', 'Segoe UI Emoji', 'Segoe UI Symbol'; box-sizing: border-box; padding: 35px;">
                    <p style="font-family: -apple-system, BlinkMacSystemFont, 'Segoe UI', Roboto, Helvetica, Arial, sans-serif, 'Apple Color Emoji', 'Segoe UI Emoji', 'Segoe UI Symbol'; box-sizing: border-box; line-height: 1.5em; margin-top: 0; color: #aeaeae; font-size: 12px; text-align: center;">© 2020 Nesabox. All rights reserved.</p>
                </td>
            </tr>
        </table>
    </td>
</tr>
                </table>
            </td>
        </tr>
    </table>
</body>
</html>

Content-Type: text/plain; charset=utf-8
Content-Transfer-Encoding: quoted-printable

[Nesabox](https://405fb58f.ngrok.io)

Your server 144.202.9.167 has been provisioned.

Sudo password for nesa user: q5CxhCh2nnvD

Manage server: https://405fb58f.ngrok.io/servers/55310bd0-17ef-4d66-9d23-ae2145148cba

Thanks,

Frantz from Nesabox

© 2020 Nesabox. All rights reserved.
  
